

Version:	3.14
CmdLine:	D:\GitHub\File-Checker\fileChecker\ApriFile.exe --l4j-debug
WOW64:		yes
Working dir:	D:\GitHub\File-Checker\fileChecker\.
Java min ver:	1.005.000
Java max ver:	
64-bit search:	SOFTWARE\JavaSoft\Java Runtime Environment...
Check:		SOFTWARE\JavaSoft\Java Runtime Environment\1.8
Check launcher:	C:\Program Files\Java\jre1.8.0_321\bin\javaw.exe (OK)
Match:		1.008.000
Check:		SOFTWARE\JavaSoft\Java Runtime Environment\1.8.0_321
Check launcher:	C:\Program Files\Java\jre1.8.0_321\bin\javaw.exe (OK)
Match:		1.008.000_321
64-bit search:	SOFTWARE\JavaSoft\Java Development Kit...
64-bit search:	SOFTWARE\JavaSoft\JRE...
64-bit search:	SOFTWARE\JavaSoft\JDK...
Runtime used:	1.008.000_321 (64-bit)
Launcher:	C:\Program Files\Java\jre1.8.0_321\bin\javaw.exe
Launcher args:	-jar "D:\GitHub\File-Checker\fileChecker\ApriFile.exe"
Args length:	54/32768 chars
Exit code:	0


Version:	3.14
CmdLine:	D:\GitHub\File-Checker\fileChecker\ApriFile.exe --l4j-debug
WOW64:		yes
Working dir:	D:\GitHub\File-Checker\fileChecker\.
Java min ver:	1.005.000
Java max ver:	
64-bit search:	SOFTWARE\JavaSoft\Java Runtime Environment...
Check:		SOFTWARE\JavaSoft\Java Runtime Environment\1.8
Check launcher:	C:\Program Files\Java\jre1.8.0_321\bin\javaw.exe (OK)
Match:		1.008.000
Check:		SOFTWARE\JavaSoft\Java Runtime Environment\1.8.0_321
Check launcher:	C:\Program Files\Java\jre1.8.0_321\bin\javaw.exe (OK)
Match:		1.008.000_321
64-bit search:	SOFTWARE\JavaSoft\Java Development Kit...
64-bit search:	SOFTWARE\JavaSoft\JRE...
64-bit search:	SOFTWARE\JavaSoft\JDK...
Runtime used:	1.008.000_321 (64-bit)
Launcher:	C:\Program Files\Java\jre1.8.0_321\bin\javaw.exe
Launcher args:	-jar "D:\GitHub\File-Checker\fileChecker\ApriFile.exe"
Args length:	54/32768 chars
Exit code:	0


Version:	3.14
CmdLine:	D:\GitHub\File-Checker\fileChecker\ApriFile.exe --l4j-debug
WOW64:		yes
Working dir:	D:\GitHub\File-Checker\fileChecker\.
Java min ver:	1.005.000
Java max ver:	
64-bit search:	SOFTWARE\JavaSoft\Java Runtime Environment...
Check:		SOFTWARE\JavaSoft\Java Runtime Environment\1.8
Check launcher:	C:\Program Files\Java\jre1.8.0_321\bin\javaw.exe (OK)
Match:		1.008.000
Check:		SOFTWARE\JavaSoft\Java Runtime Environment\1.8.0_321
Check launcher:	C:\Program Files\Java\jre1.8.0_321\bin\javaw.exe (OK)
Match:		1.008.000_321
64-bit search:	SOFTWARE\JavaSoft\Java Development Kit...
64-bit search:	SOFTWARE\JavaSoft\JRE...
64-bit search:	SOFTWARE\JavaSoft\JDK...
Runtime used:	1.008.000_321 (64-bit)
Launcher:	C:\Program Files\Java\jre1.8.0_321\bin\javaw.exe
Launcher args:	-jar "D:\GitHub\File-Checker\fileChecker\ApriFile.exe"
Args length:	54/32768 chars
Exit code:	0


Version:	3.14
CmdLine:	D:\GitHub\File-Checker\fileChecker\ApriFile.exe --l4j-debug
WOW64:		yes
Working dir:	D:\GitHub\File-Checker\fileChecker\.
Java min ver:	1.005.000
Java max ver:	
64-bit search:	SOFTWARE\JavaSoft\Java Runtime Environment...
Check:		SOFTWARE\JavaSoft\Java Runtime Environment\1.8
Check launcher:	C:\Program Files\Java\jre1.8.0_321\bin\javaw.exe (OK)
Match:		1.008.000
Check:		SOFTWARE\JavaSoft\Java Runtime Environment\1.8.0_321
Check launcher:	C:\Program Files\Java\jre1.8.0_321\bin\javaw.exe (OK)
Match:		1.008.000_321
64-bit search:	SOFTWARE\JavaSoft\Java Development Kit...
64-bit search:	SOFTWARE\JavaSoft\JRE...
64-bit search:	SOFTWARE\JavaSoft\JDK...
Runtime used:	1.008.000_321 (64-bit)
Launcher:	C:\Program Files\Java\jre1.8.0_321\bin\javaw.exe
Launcher args:	-jar "D:\GitHub\File-Checker\fileChecker\ApriFile.exe"
Args length:	54/32768 chars
Exit code:	0


Version:	3.14
CmdLine:	D:\GitHub\File-Checker\fileChecker\ApriFile.exe --l4j-debug
WOW64:		yes
Working dir:	D:\GitHub\File-Checker\fileChecker\.
Java min ver:	1.005.000
Java max ver:	
64-bit search:	SOFTWARE\JavaSoft\Java Runtime Environment...
Check:		SOFTWARE\JavaSoft\Java Runtime Environment\1.8
Check launcher:	C:\Program Files\Java\jre1.8.0_321\bin\javaw.exe (OK)
Match:		1.008.000
Check:		SOFTWARE\JavaSoft\Java Runtime Environment\1.8.0_321
Check launcher:	C:\Program Files\Java\jre1.8.0_321\bin\javaw.exe (OK)
Match:		1.008.000_321
64-bit search:	SOFTWARE\JavaSoft\Java Development Kit...
64-bit search:	SOFTWARE\JavaSoft\JRE...
64-bit search:	SOFTWARE\JavaSoft\JDK...
Check:		SOFTWARE\JavaSoft\JDK\17.0.2
Check launcher:	C:\Program Files\Java\jdk-17.0.2\bin\javaw.exe (OK)
Match:		1.017.000_002
Runtime used:	1.017.000_002 (64-bit)
Launcher:	C:\Program Files\Java\jdk-17.0.2\bin\javaw.exe
Launcher args:	-jar "D:\GitHub\File-Checker\fileChecker\ApriFile.exe"
Args length:	54/32768 chars
Exit code:	0


Version:	3.14
CmdLine:	D:\GitHub\File-Checker\fileChecker\ApriFile.exe --l4j-debug
WOW64:		yes
Working dir:	D:\GitHub\File-Checker\fileChecker\.
Java min ver:	1.005.000
Java max ver:	
64-bit search:	SOFTWARE\JavaSoft\Java Runtime Environment...
Check:		SOFTWARE\JavaSoft\Java Runtime Environment\1.8
Check launcher:	C:\Program Files\Java\jre1.8.0_321\bin\javaw.exe (OK)
Match:		1.008.000
Check:		SOFTWARE\JavaSoft\Java Runtime Environment\1.8.0_321
Check launcher:	C:\Program Files\Java\jre1.8.0_321\bin\javaw.exe (OK)
Match:		1.008.000_321
64-bit search:	SOFTWARE\JavaSoft\Java Development Kit...
64-bit search:	SOFTWARE\JavaSoft\JRE...
64-bit search:	SOFTWARE\JavaSoft\JDK...
Check:		SOFTWARE\JavaSoft\JDK\17.0.2
Check launcher:	C:\Program Files\Java\jdk-17.0.2\bin\javaw.exe (OK)
Match:		1.017.000_002
Runtime used:	1.017.000_002 (64-bit)
Launcher:	C:\Program Files\Java\jdk-17.0.2\bin\javaw.exe
Launcher args:	-jar "D:\GitHub\File-Checker\fileChecker\ApriFile.exe"
Args length:	54/32768 chars
Exit code:	0


Version:	3.14
CmdLine:	D:\GitHub\File-Checker\fileChecker\ApriFile.exe --l4j-debug
WOW64:		yes
Working dir:	D:\GitHub\File-Checker\fileChecker\.
Java min ver:	1.005.000
Java max ver:	
64-bit search:	SOFTWARE\JavaSoft\Java Runtime Environment...
Check:		SOFTWARE\JavaSoft\Java Runtime Environment\1.8
Check launcher:	C:\Program Files\Java\jre1.8.0_321\bin\javaw.exe (OK)
Match:		1.008.000
Check:		SOFTWARE\JavaSoft\Java Runtime Environment\1.8.0_321
Check launcher:	C:\Program Files\Java\jre1.8.0_321\bin\javaw.exe (OK)
Match:		1.008.000_321
64-bit search:	SOFTWARE\JavaSoft\Java Development Kit...
64-bit search:	SOFTWARE\JavaSoft\JRE...
64-bit search:	SOFTWARE\JavaSoft\JDK...
Check:		SOFTWARE\JavaSoft\JDK\17.0.2
Check launcher:	C:\Program Files\Java\jdk-17.0.2\bin\javaw.exe (OK)
Match:		1.017.000_002
Runtime used:	1.017.000_002 (64-bit)
Launcher:	C:\Program Files\Java\jdk-17.0.2\bin\javaw.exe
Launcher args:	-jar "D:\GitHub\File-Checker\fileChecker\ApriFile.exe"
Args length:	54/32768 chars
Exit code:	0
